Release 14.7 - xst P.20131013 (nt64)
Copyright (c) 1995-2013 Xilinx, Inc.  All rights reserved.
--> Parameter TMPDIR set to xst/projnav.tmp


Total REAL time to Xst completion: 0.00 secs
Total CPU time to Xst completion: 0.11 secs
 
--> Parameter xsthdpdir set to xst


Total REAL time to Xst completion: 0.00 secs
Total CPU time to Xst completion: 0.11 secs
 
--> Reading design: pushBtn.prj

TABLE OF CONTENTS
  1) Synthesis Options Summary
  2) HDL Parsing
  3) HDL Elaboration
  4) HDL Synthesis
       4.1) HDL Synthesis Report
  5) Advanced HDL Synthesis
       5.1) Advanced HDL Synthesis Report
  6) Low Level Synthesis
  7) Partition Report
  8) Design Summary
       8.1) Primitive and Black Box Usage
       8.2) Device utilization summary
       8.3) Partition Resource Summary
       8.4) Timing Report
            8.4.1) Clock Information
            8.4.2) Asynchronous Control Signals Information
            8.4.3) Timing Summary
            8.4.4) Timing Details
            8.4.5) Cross Clock Domains Report


=========================================================================
*                      Synthesis Options Summary                        *
=========================================================================
---- Source Parameters
Input File Name                    : "pushBtn.prj"
Ignore Synthesis Constraint File   : NO

---- Target Parameters
Output File Name                   : "pushBtn"
Output Format                      : NGC
Target Device                      : xc6slx9-2-tqg144

---- Source Options
Top Module Name                    : pushBtn
Automatic FSM Extraction           : YES
FSM Encoding Algorithm             : Auto
Safe Implementation                : No
FSM Style                          : LUT
RAM Extraction                     : Yes
RAM Style                          : Auto
ROM Extraction                     : Yes
Shift Register Extraction          : YES
ROM Style                          : Auto
Resource Sharing                   : YES
Asynchronous To Synchronous        : NO
Shift Register Minimum Size        : 2
Use DSP Block                      : Auto
Automatic Register Balancing       : No

---- Target Options
LUT Combining                      : Auto
Reduce Control Sets                : Auto
Add IO Buffers                     : YES
Global Maximum Fanout              : 100000
Add Generic Clock Buffer(BUFG)     : 16
Register Duplication               : YES
Optimize Instantiated Primitives   : NO
Use Clock Enable                   : Auto
Use Synchronous Set                : Auto
Use Synchronous Reset              : Auto
Pack IO Registers into IOBs        : Auto
Equivalent register Removal        : YES

---- General Options
Optimization Goal                  : Speed
Optimization Effort                : 1
Power Reduction                    : NO
Keep Hierarchy                     : No
Netlist Hierarchy                  : As_Optimized
RTL Output                         : Yes
Global Optimization                : AllClockNets
Read Cores                         : YES
Write Timing Constraints           : NO
Cross Clock Analysis               : NO
Hierarchy Separator                : /
Bus Delimiter                      : <>
Case Specifier                     : Maintain
Slice Utilization Ratio            : 100
BRAM Utilization Ratio             : 100
DSP48 Utilization Ratio            : 100
Auto BRAM Packing                  : NO
Slice Utilization Ratio Delta      : 5

=========================================================================


=========================================================================
*                          HDL Parsing                                  *
=========================================================================
Parsing VHDL file "E:\Behyaar\Projects\PushBtn\pushBTN\pushBtn.vhd" into library work
Parsing entity <pushBtn>.
Parsing architecture <Behavioral> of entity <pushbtn>.

=========================================================================
*                            HDL Elaboration                            *
=========================================================================

Elaborating entity <pushBtn> (architecture <Behavioral>) from library <work>.

=========================================================================
*                           HDL Synthesis                               *
=========================================================================

Synthesizing Unit <pushBtn>.
    Related source file is "E:\Behyaar\Projects\PushBtn\pushBTN\pushBtn.vhd".
    Found 32-bit register for signal <counter>.
    Found 1-bit register for signal <led_state>.
    Found 1-bit register for signal <led>.
    Found 1-bit register for signal <flag>.
    Found 32-bit adder for signal <counter[31]_GND_6_o_add_0_OUT> created at line 28.
    Found 32-bit comparator greater for signal <counter[31]_GND_6_o_LessThan_2_o> created at line 29
    Summary:
	inferred   1 Adder/Subtractor(s).
	inferred  35 D-type flip-flop(s).
	inferred   1 Comparator(s).
	inferred   1 Multiplexer(s).
Unit <pushBtn> synthesized.

=========================================================================
HDL Synthesis Report

Macro Statistics
# Adders/Subtractors                                   : 1
 32-bit adder                                          : 1
# Registers                                            : 4
 1-bit register                                        : 3
 32-bit register                                       : 1
# Comparators                                          : 1
 32-bit comparator greater                             : 1
# Multiplexers                                         : 1
 1-bit 2-to-1 multiplexer                              : 1

=========================================================================

=========================================================================
*                       Advanced HDL Synthesis                          *
=========================================================================


Synthesizing (advanced) Unit <pushBtn>.
The following registers are absorbed into counter <counter>: 1 register on signal <counter>.
Unit <pushBtn> synthesized (advanced).

=========================================================================
Advanced HDL Synthesis Report

Macro Statistics
# Counters                                             : 1
 32-bit up counter                                     : 1
# Registers                                            : 3
 Flip-Flops                                            : 3
# Comparators                                          : 1
 32-bit comparator greater                             : 1
# Multiplexers                                         : 1
 1-bit 2-to-1 multiplexer                              : 1

=========================================================================

=========================================================================
*                         Low Level Synthesis                           *
=========================================================================

Optimizing unit <pushBtn> ...
WARNING:Xst:1293 - FF/Latch <counter_31> has a constant value of 0 in block <pushBtn>. This FF/Latch will be trimmed during the optimization process.
WARNING:Xst:1896 - Due to other FF/Latch trimming, FF/Latch <counter_30> has a constant value of 0 in block <pushBtn>. This FF/Latch will be trimmed during the optimization process.
WARNING:Xst:1896 - Due to other FF/Latch trimming, FF/Latch <counter_29> has a constant value of 0 in block <pushBtn>. This FF/Latch will be trimmed during the optimization process.
WARNING:Xst:1896 - Due to other FF/Latch trimming, FF/Latch <counter_28> has a constant value of 0 in block <pushBtn>. This FF/Latch will be trimmed during the optimization process.
WARNING:Xst:1896 - Due to other FF/Latch trimming, FF/Latch <counter_27> has a constant value of 0 in block <pushBtn>. This FF/Latch will be trimmed during the optimization process.
WARNING:Xst:1896 - Due to other FF/Latch trimming, FF/Latch <counter_26> has a constant value of 0 in block <pushBtn>. This FF/Latch will be trimmed during the optimization process.
WARNING:Xst:1896 - Due to other FF/Latch trimming, FF/Latch <counter_25> has a constant value of 0 in block <pushBtn>. This FF/Latch will be trimmed during the optimization process.
WARNING:Xst:1896 - Due to other FF/Latch trimming, FF/Latch <counter_24> has a constant value of 0 in block <pushBtn>. This FF/Latch will be trimmed during the optimization process.
WARNING:Xst:1896 - Due to other FF/Latch trimming, FF/Latch <counter_23> has a constant value of 0 in block <pushBtn>. This FF/Latch will be trimmed during the optimization process.
WARNING:Xst:1896 - Due to other FF/Latch trimming, FF/Latch <counter_22> has a constant value of 0 in block <pushBtn>. This FF/Latch will be trimmed during the optimization process.
WARNING:Xst:1896 - Due to other FF/Latch trimming, FF/Latch <counter_21> has a constant value of 0 in block <pushBtn>. This FF/Latch will be trimmed during the optimization process.
WARNING:Xst:1896 - Due to other FF/Latch trimming, FF/Latch <counter_20> has a constant value of 0 in block <pushBtn>. This FF/Latch will be trimmed during the optimization process.
WARNING:Xst:1896 - Due to other FF/Latch trimming, FF/Latch <counter_19> has a constant value of 0 in block <pushBtn>. This FF/Latch will be trimmed during the optimization process.
WARNING:Xst:1896 - Due to other FF/Latch trimming, FF/Latch <counter_18> has a constant value of 0 in block <pushBtn>. This FF/Latch will be trimmed during the optimization process.
WARNING:Xst:1896 - Due to other FF/Latch trimming, FF/Latch <counter_17> has a constant value of 0 in block <pushBtn>. This FF/Latch will be trimmed during the optimization process.
WARNING:Xst:1896 - Due to other FF/Latch trimming, FF/Latch <counter_16> has a constant value of 0 in block <pushBtn>. This FF/Latch will be trimmed during the optimization process.
WARNING:Xst:1896 - Due to other FF/Latch trimming, FF/Latch <counter_15> has a constant value of 0 in block <pushBtn>. This FF/Latch will be trimmed during the optimization process.
WARNING:Xst:1896 - Due to other FF/Latch trimming, FF/Latch <counter_14> has a constant value of 0 in block <pushBtn>. This FF/Latch will be trimmed during the optimization process.
WARNING:Xst:1896 - Due to other FF/Latch trimming, FF/Latch <counter_13> has a constant value of 0 in block <pushBtn>. This FF/Latch will be trimmed during the optimization process.
WARNING:Xst:1896 - Due to other FF/Latch trimming, FF/Latch <counter_12> has a constant value of 0 in block <pushBtn>. This FF/Latch will be trimmed during the optimization process.

Mapping all equations...
Building and optimizing final netlist ...
Found area constraint ratio of 100 (+ 5) on block pushBtn, actual ratio is 0.

Final Macro Processing ...

=========================================================================
Final Register Report

Macro Statistics
# Registers                                            : 15
 Flip-Flops                                            : 15

=========================================================================

=========================================================================
*                           Partition Report                            *
=========================================================================

Partition Implementation Status
-------------------------------

  No Partitions were found in this design.

-------------------------------

=========================================================================
*                            Design Summary                             *
=========================================================================

Top Level Output File Name         : pushBtn.ngc

Primitive and Black Box Usage:
------------------------------
# BELS                             : 64
#      GND                         : 1
#      INV                         : 2
#      LUT1                        : 11
#      LUT2                        : 2
#      LUT4                        : 1
#      LUT5                        : 15
#      MUXCY                       : 19
#      VCC                         : 1
#      XORCY                       : 12
# FlipFlops/Latches                : 15
#      FD                          : 15
# Clock Buffers                    : 1
#      BUFGP                       : 1
# IO Buffers                       : 2
#      IBUF                        : 1
#      OBUF                        : 1

Device utilization summary:
---------------------------

Selected Device : 6slx9tqg144-2 


Slice Logic Utilization: 
 Number of Slice Registers:              15  out of  11440     0%  
 Number of Slice LUTs:                   31  out of   5720     0%  
    Number used as Logic:                31  out of   5720     0%  

Slice Logic Distribution: 
 Number of LUT Flip Flop pairs used:     33
   Number with an unused Flip Flop:      18  out of     33    54%  
   Number with an unused LUT:             2  out of     33     6%  
   Number of fully used LUT-FF pairs:    13  out of     33    39%  
   Number of unique control sets:         1

IO Utilization: 
 Number of IOs:                           3
 Number of bonded IOBs:                   3  out of    102     2%  

Specific Feature Utilization:
 Number of BUFG/BUFGCTRLs:                1  out of     16     6%  

---------------------------
Partition Resource Summary:
---------------------------

  No Partitions were found in this design.

---------------------------


=========================================================================
Timing Report

NOTE: THESE TIMING NUMBERS ARE ONLY A SYNTHESIS ESTIMATE.
      FOR ACCURATE TIMING INFORMATION PLEASE REFER TO THE TRACE REPORT
      GENERATED AFTER PLACE-and-ROUTE.

Clock Information:
------------------
-----------------------------------+------------------------+-------+
Clock Signal                       | Clock buffer(FF name)  | Load  |
-----------------------------------+------------------------+-------+
clock                              | BUFGP                  | 15    |
-----------------------------------+------------------------+-------+

Asynchronous Control Signals Information:
----------------------------------------
No asynchronous control signals found in this design

Timing Summary:
---------------
Speed Grade: -2

   Minimum period: 3.799ns (Maximum Frequency: 263.210MHz)
   Minimum input arrival time before clock: 3.237ns
   Maximum output required time after clock: 4.118ns
   Maximum combinational path delay: No path found

Timing Details:
---------------
All values displayed in nanoseconds (ns)

=========================================================================
Timing constraint: Default period analysis for Clock 'clock'
  Clock period: 3.799ns (frequency: 263.210MHz)
  Total number of paths / destination ports: 358 / 15
-------------------------------------------------------------------------
Delay:               3.799ns (Levels of Logic = 8)
  Source:            counter_7 (FF)
  Destination:       counter_0 (FF)
  Source Clock:      clock rising
  Destination Clock: clock rising

  Data Path: counter_7 to counter_0
                                Gate     Net
    Cell:in->out      fanout   Delay   Delay  Logical Name (Net Name)
    ----------------------------------------  ------------
     FD:C->Q               4   0.525   1.234  counter_7 (counter_7)
     LUT5:I0->O            1   0.254   0.000  Mcompar_counter[31]_GND_6_o_LessThan_2_o_lut<1> (Mcompar_counter[31]_GND_6_o_LessThan_2_o_lut<1>)
     MUXCY:S->O            1   0.215   0.000  Mcompar_counter[31]_GND_6_o_LessThan_2_o_cy<1> (Mcompar_counter[31]_GND_6_o_LessThan_2_o_cy<1>)
     MUXCY:CI->O           1   0.023   0.000  Mcompar_counter[31]_GND_6_o_LessThan_2_o_cy<2> (Mcompar_counter[31]_GND_6_o_LessThan_2_o_cy<2>)
     MUXCY:CI->O           1   0.023   0.000  Mcompar_counter[31]_GND_6_o_LessThan_2_o_cy<3> (Mcompar_counter[31]_GND_6_o_LessThan_2_o_cy<3>)
     MUXCY:CI->O           1   0.023   0.000  Mcompar_counter[31]_GND_6_o_LessThan_2_o_cy<4> (Mcompar_counter[31]_GND_6_o_LessThan_2_o_cy<4>)
     MUXCY:CI->O           1   0.023   0.000  Mcompar_counter[31]_GND_6_o_LessThan_2_o_cy<5> (Mcompar_counter[31]_GND_6_o_LessThan_2_o_cy<5>)
     MUXCY:CI->O          14   0.023   1.127  Mcompar_counter[31]_GND_6_o_LessThan_2_o_cy<6> (Mcompar_counter[31]_GND_6_o_LessThan_2_o_cy<6>)
     LUT4:I3->O            1   0.254   0.000  led_state_rstpot (led_state_rstpot)
     FD:D                      0.074          led_state
    ----------------------------------------
    Total                      3.799ns (1.438ns logic, 2.361ns route)
                                       (37.9% logic, 62.1% route)

=========================================================================
Timing constraint: Default OFFSET IN BEFORE for Clock 'clock'
  Total number of paths / destination ports: 14 / 14
-------------------------------------------------------------------------
Offset:              3.237ns (Levels of Logic = 3)
  Source:            btn (PAD)
  Destination:       flag (FF)
  Destination Clock: clock rising

  Data Path: btn to flag
                                Gate     Net
    Cell:in->out      fanout   Delay   Delay  Logical Name (Net Name)
    ----------------------------------------  ------------
     IBUF:I->O            14   1.328   1.127  btn_IBUF (btn_IBUF)
     LUT2:I1->O            1   0.254   0.000  flag_rstpot_lut (flag_rstpot_lut)
     MUXCY:S->O            1   0.454   0.000  flag_rstpot_cy (flag_rstpot)
     FD:D                      0.074          flag
    ----------------------------------------
    Total                      3.237ns (2.110ns logic, 1.127ns route)
                                       (65.2% logic, 34.8% route)

=========================================================================
Timing constraint: Default OFFSET OUT AFTER for Clock 'clock'
  Total number of paths / destination ports: 1 / 1
-------------------------------------------------------------------------
Offset:              4.118ns (Levels of Logic = 1)
  Source:            led (FF)
  Destination:       led (PAD)
  Source Clock:      clock rising

  Data Path: led to led
                                Gate     Net
    Cell:in->out      fanout   Delay   Delay  Logical Name (Net Name)
    ----------------------------------------  ------------
     FD:C->Q               1   0.525   0.681  led (led_OBUF)
     OBUF:I->O                 2.912          led_OBUF (led)
    ----------------------------------------
    Total                      4.118ns (3.437ns logic, 0.681ns route)
                                       (83.5% logic, 16.5% route)

=========================================================================

Cross Clock Domains Report:
--------------------------

Clock to Setup on destination clock clock
---------------+---------+---------+---------+---------+
               | Src:Rise| Src:Fall| Src:Rise| Src:Fall|
Source Clock   |Dest:Rise|Dest:Rise|Dest:Fall|Dest:Fall|
---------------+---------+---------+---------+---------+
clock          |    3.799|         |         |         |
---------------+---------+---------+---------+---------+

=========================================================================


Total REAL time to Xst completion: 5.00 secs
Total CPU time to Xst completion: 4.60 secs
 
--> 

Total memory usage is 4502368 kilobytes

Number of errors   :    0 (   0 filtered)
Number of warnings :   20 (   0 filtered)
Number of infos    :    0 (   0 filtered)

